<?xml version="1.0" encoding="UTF-8"?>
<testng-results skipped="0" failed="0" ignored="0" total="1" passed="1">
  <reporter-output>
    <line>
      <![CDATA[<div "result">abrir classcity (PASSED : 8s)</div>]]>
    </line>
  </reporter-output>
  <suite name="Testng Cucumber Suite" duration-ms="8566" started-at="2018-07-09T09:32:36Z" finished-at="2018-07-09T09:32:44Z">
    <groups>
      <group name="cucumber">
        <method signature="AbstractTestNGCucumberTests.runScenario(cucumber.api.testng.PickleEventWrapper, cucumber.api.testng.CucumberFeatureWrapper)[pri:0, instance:CucumberRunner@5056dfcb]" name="runScenario" class="cucumber.api.testng.AbstractTestNGCucumberTests"/>
      </group> <!-- cucumber -->
    </groups>
    <test name="Run All Tests" duration-ms="8566" started-at="2018-07-09T09:32:36Z" finished-at="2018-07-09T09:32:44Z">
      <class name="CucumberRunner">
        <test-method status="PASS" signature="setUpClass()[pri:0, instance:CucumberRunner@5056dfcb]" name="setUpClass" is-config="true" duration-ms="235" started-at="2018-07-09T09:32:36Z" finished-at="2018-07-09T09:32:36Z">
          <reporter-output>
          </reporter-output>
        </test-method> <!-- setUpClass -->
        <test-method status="PASS" signature="setUp()[pri:0, instance:CucumberRunner@5056dfcb]" name="setUp" is-config="true" duration-ms="1" started-at="2018-07-09T09:32:36Z" finished-at="2018-07-09T09:32:36Z">
          <reporter-output>
          </reporter-output>
        </test-method> <!-- setUp -->
        <test-method status="PASS" signature="runScenario(cucumber.api.testng.PickleEventWrapper, cucumber.api.testng.CucumberFeatureWrapper)[pri:0, instance:CucumberRunner@5056dfcb]" name="runScenario" duration-ms="8164" started-at="2018-07-09T09:32:36Z" description="Runs Cucumber Scenarios" data-provider="scenarios" finished-at="2018-07-09T09:32:44Z">
          <params>
            <param index="0">
              <value>
                <![CDATA["Prueba"]]>
              </value>
            </param>
            <param index="1">
              <value>
                <![CDATA["Prueba"]]>
              </value>
            </param>
          </params>
          <reporter-output>
            <line>
              <![CDATA[<div "result">abrir classcity (PASSED : 8s)</div>]]>
            </line>
          </reporter-output>
        </test-method> <!-- runScenario -->
        <test-method status="PASS" signature="tearDown()[pri:0, instance:CucumberRunner@5056dfcb]" name="tearDown" is-config="true" duration-ms="13" started-at="2018-07-09T09:32:44Z" finished-at="2018-07-09T09:32:44Z">
          <reporter-output>
          </reporter-output>
        </test-method> <!-- tearDown -->
        <test-method status="PASS" signature="tearDownClass()[pri:0, instance:CucumberRunner@5056dfcb]" name="tearDownClass" is-config="true" duration-ms="33" started-at="2018-07-09T09:32:44Z" finished-at="2018-07-09T09:32:44Z">
          <reporter-output>
          </reporter-output>
        </test-method> <!-- tearDownClass -->
      </class> <!-- CucumberRunner -->
    </test> <!-- Run All Tests -->
  </suite> <!-- Testng Cucumber Suite -->
</testng-results>
